\BOOKMARK [1][-]{section.1}{Introduction}{}% 1
\BOOKMARK [1][-]{section.2}{Methods}{}% 2
\BOOKMARK [2][-]{subsection.2.1}{Model}{section.2}% 3
\BOOKMARK [3][-]{subsubsection.2.1.1}{Model of a single protein}{subsection.2.1}% 4
\BOOKMARK [3][-]{subsubsection.2.1.2}{Evolutionary model}{subsection.2.1}% 5
\BOOKMARK [2][-]{subsection.2.2}{Model parameters}{section.2}% 6
\BOOKMARK [2][-]{subsection.2.3}{Inference}{section.2}% 7
\BOOKMARK [3][-]{subsubsection.2.3.1}{Branch path inference: a phylogeny}{subsection.2.3}% 8
\BOOKMARK [3][-]{subsubsection.2.3.2}{Inference: a single protein}{subsection.2.3}% 9
\BOOKMARK [3][-]{subsubsection.2.3.3}{Backbone structure inference}{subsection.2.3}% 10
\BOOKMARK [2][-]{subsection.2.4}{Model training}{section.2}% 11
\BOOKMARK [3][-]{subsubsection.2.4.1}{Datasets}{subsection.2.4}% 12
\BOOKMARK [3][-]{subsubsection.2.4.2}{Model estimation}{subsection.2.4}% 13
\BOOKMARK [2][-]{subsection.2.5}{Calculation of angular distances}{section.2}% 14
\BOOKMARK [1][-]{section.3}{Results and Discussion}{}% 15
\BOOKMARK [2][-]{subsection.3.1}{Benchmarks of ancestral sequence reconstruction}{section.3}% 16
\BOOKMARK [3][-]{subsubsection.3.1.1}{Benchmarks of homology modelling}{subsection.3.1}% 17
\BOOKMARK [1][-]{section.4}{Conclusions}{}% 18
\BOOKMARK [1][-]{section.5}{Software availability}{}% 19
\BOOKMARK [1][-]{section.6}{Acknowledgements}{}% 20
